

Started GET "/" for 127.0.0.1 at 2011-01-28 11:28:00 -0500
  Processing by HomeController#index as HTML
Rendered home/index.html.erb within layouts/application (6.2ms)
Completed 200 OK in 13ms (Views: 12.5ms | ActiveRecord: 0.0ms)


Started GET "/" for 127.0.0.1 at 2011-01-28 11:36:06 -0500
  Processing by HomeController#index as HTML
Rendered home/index.html.erb within layouts/application (3.4ms)
Completed 200 OK in 8ms (Views: 7.7ms | ActiveRecord: 0.0ms)


Started GET "/tutorials" for 127.0.0.1 at 2011-01-28 11:36:19 -0500
  Processing by TutorialsController#index as HTML
  [1m[36mTutorial Load (22.9ms)[0m  [1mSELECT "tutorials".* FROM "tutorials"[0m
SQLite3::SQLException: no such table: tutorials: SELECT "tutorials".* FROM "tutorials"
Completed   in 156ms

ActiveRecord::StatementInvalid (SQLite3::SQLException: no such table: tutorials: SELECT "tutorials".* FROM "tutorials"):
  app/controllers/tutorials_controller.rb:3:in `index'

Rendered /home/matt/.rvm/gems/ruby-1.9.2-p136/gems/actionpack-3.0.3/lib/action_dispatch/middleware/templates/rescues/_trace.erb (3.0ms)
Rendered /home/matt/.rvm/gems/ruby-1.9.2-p136/gems/actionpack-3.0.3/lib/action_dispatch/middleware/templates/rescues/_request_and_response.erb (7.5ms)
Rendered /home/matt/.rvm/gems/ruby-1.9.2-p136/gems/actionpack-3.0.3/lib/action_dispatch/middleware/templates/rescues/diagnostics.erb within rescues/layout (24.6ms)
  [1m[36mSQL (0.4ms)[0m  [1m SELECT name
 FROM sqlite_master
 WHERE type = 'table' AND NOT name = 'sqlite_sequence'
[0m
  [1m[35mSQL (0.1ms)[0m  select sqlite_version(*)
  [1m[36mSQL (97.5ms)[0m  [1mCREATE TABLE "schema_migrations" ("version" varchar(255) NOT NULL) [0m
  [1m[35mSQL (0.1ms)[0m  PRAGMA index_list("schema_migrations")
  [1m[36mSQL (67.8ms)[0m  [1mCREATE UNIQUE INDEX "unique_schema_migrations" ON "schema_migrations" ("version")[0m
  [1m[35mSQL (0.2ms)[0m   SELECT name
 FROM sqlite_master
 WHERE type = 'table' AND NOT name = 'sqlite_sequence'
  [1m[36mSQL (0.2ms)[0m  [1m SELECT name
 FROM sqlite_master
 WHERE type = 'table' AND NOT name = 'sqlite_sequence'
[0m
  [1m[35mSQL (0.2ms)[0m  SELECT "schema_migrations"."version" FROM "schema_migrations"
Migrating to CreateTutorials (20110118023519)
  [1m[36mSQL (0.8ms)[0m  [1mCREATE TABLE "tutorials" ("id" INTEGER PRIMARY KEY AUTOINCREMENT NOT NULL, "created_by" integer, "title" varchar(255), "article" text, "upvotes" integer, "downvotes" integer, "created_at" datetime, "updated_at" datetime) [0m
  [1m[35mSQL (0.2ms)[0m  INSERT INTO "schema_migrations" ("version") VALUES ('20110118023519')
Migrating to CreateExercises (20110122214952)
  [1m[36mSQL (0.6ms)[0m  [1mCREATE TABLE "exercises" ("id" INTEGER PRIMARY KEY AUTOINCREMENT NOT NULL, "created_by" varchar(255), "section" varchar(255), "title" varchar(255), "article" text, "upvotes" integer, "downvotes" integer, "created_at" datetime, "updated_at" datetime) [0m
  [1m[35mSQL (0.2ms)[0m  INSERT INTO "schema_migrations" ("version") VALUES ('20110122214952')
  [1m[36mSQL (0.2ms)[0m  [1m SELECT name
 FROM sqlite_master
 WHERE type = 'table' AND NOT name = 'sqlite_sequence'
[0m
  [1m[35mSQL (0.1ms)[0m  SELECT "schema_migrations"."version" FROM "schema_migrations"
  [1m[36mSQL (0.1ms)[0m  [1m SELECT name
 FROM sqlite_master
 WHERE type = 'table' AND NOT name = 'sqlite_sequence'
[0m
  [1m[35mSQL (0.0ms)[0m  PRAGMA index_list("exercises")
  [1m[36mSQL (0.1ms)[0m  [1mPRAGMA index_list("tutorials")[0m


Started GET "/" for 127.0.0.1 at 2011-01-28 11:51:41 -0500
  Processing by HomeController#index as HTML
Rendered home/index.html.erb within layouts/application (3.3ms)
Completed 200 OK in 8ms (Views: 7.6ms | ActiveRecord: 0.0ms)


Started GET "/tutorials" for 127.0.0.1 at 2011-01-28 11:51:43 -0500
  Processing by TutorialsController#index as HTML
  [1m[35mTutorial Load (0.5ms)[0m  SELECT "tutorials".* FROM "tutorials"
Rendered tutorials/index.html.erb within layouts/application (5.0ms)
Completed 200 OK in 18ms (Views: 9.8ms | ActiveRecord: 0.5ms)


Started GET "/tutorials/new" for 127.0.0.1 at 2011-01-28 11:51:46 -0500
  Processing by TutorialsController#new as HTML
Rendered tutorials/_form.html.erb (49.1ms)
Rendered tutorials/new.html.erb within layouts/application (57.2ms)
Completed 200 OK in 75ms (Views: 61.9ms | ActiveRecord: 0.0ms)


Started POST "/tutorials" for 127.0.0.1 at 2011-01-28 11:52:01 -0500
  Processing by TutorialsController#create as HTML
  Parameters: {"utf8"=>"✓", "authenticity_token"=>"bxlVffhmthos8epdGoVDWA/vfARJgiigMg0CYhFdWQY=", "tutorial"=>{"created_by"=>"foo", "title"=>"foo", "article"=>"foo", "upvotes"=>"0", "downvotes"=>"0"}, "commit"=>"Create Tutorial"}
  [1m[36mSQL (0.2ms)[0m  [1m SELECT name
 FROM sqlite_master
 WHERE type = 'table' AND NOT name = 'sqlite_sequence'
[0m
  [1m[35mAREL (0.5ms)[0m  INSERT INTO "tutorials" ("created_by", "title", "article", "upvotes", "downvotes", "created_at", "updated_at") VALUES (0, 'foo', 'foo', 0, 0, '2011-01-28 16:52:01.880870', '2011-01-28 16:52:01.880870')
Redirected to http://localhost:3000/tutorials/1
Completed 302 Found in 197ms


Started GET "/tutorials/1" for 127.0.0.1 at 2011-01-28 11:52:02 -0500
  Processing by TutorialsController#show as HTML
  Parameters: {"id"=>"1"}
  [1m[36mTutorial Load (0.2ms)[0m  [1mSELECT "tutorials".* FROM "tutorials" WHERE ("tutorials"."id" = 1) LIMIT 1[0m
Rendered tutorials/show.html.erb within layouts/application (15.5ms)
Completed 200 OK in 32ms (Views: 20.1ms | ActiveRecord: 0.2ms)


Started GET "/tutorials" for 127.0.0.1 at 2011-01-28 11:52:10 -0500
  Processing by TutorialsController#index as HTML
  [1m[35mTutorial Load (0.5ms)[0m  SELECT "tutorials".* FROM "tutorials"
Rendered tutorials/index.html.erb within layouts/application (16.1ms)
Completed 200 OK in 29ms (Views: 20.4ms | ActiveRecord: 0.5ms)


Started GET "/tutorials/1" for 127.0.0.1 at 2011-01-28 11:52:19 -0500
  Processing by TutorialsController#show as HTML
  Parameters: {"id"=>"1"}
  [1m[36mTutorial Load (0.2ms)[0m  [1mSELECT "tutorials".* FROM "tutorials" WHERE ("tutorials"."id" = 1) LIMIT 1[0m
Rendered tutorials/show.html.erb within layouts/application (41.9ms)
Completed 200 OK in 59ms (Views: 46.5ms | ActiveRecord: 0.2ms)


Started GET "/tutorials" for 127.0.0.1 at 2011-01-28 11:54:45 -0500
  Processing by TutorialsController#index as HTML
  [1m[35mTutorial Load (0.5ms)[0m  SELECT "tutorials".* FROM "tutorials"
Rendered tutorials/index.html.erb within layouts/application (15.7ms)
Completed 200 OK in 29ms (Views: 20.6ms | ActiveRecord: 0.5ms)


Started GET "/tutorials" for 127.0.0.1 at 2011-01-28 12:00:19 -0500
  Processing by TutorialsController#index as HTML
  [1m[36mTutorial Load (0.5ms)[0m  [1mSELECT "tutorials".* FROM "tutorials"[0m
Rendered tutorials/index.html.erb within layouts/application (15.9ms)
Completed 200 OK in 29ms (Views: 20.5ms | ActiveRecord: 0.5ms)
  [1m[36mSQL (22.4ms)[0m  [1m SELECT name
 FROM sqlite_master
 WHERE type = 'table' AND NOT name = 'sqlite_sequence'
[0m
  [1m[35mSQL (0.2ms)[0m  select sqlite_version(*)
  [1m[36mSQL (142.6ms)[0m  [1mCREATE TABLE "schema_migrations" ("version" varchar(255) NOT NULL) [0m
  [1m[35mSQL (0.1ms)[0m  PRAGMA index_list("schema_migrations")
  [1m[36mSQL (79.0ms)[0m  [1mCREATE UNIQUE INDEX "unique_schema_migrations" ON "schema_migrations" ("version")[0m
  [1m[35mSQL (0.2ms)[0m   SELECT name
 FROM sqlite_master
 WHERE type = 'table' AND NOT name = 'sqlite_sequence'
  [1m[36mSQL (0.2ms)[0m  [1m SELECT name
 FROM sqlite_master
 WHERE type = 'table' AND NOT name = 'sqlite_sequence'
[0m
  [1m[35mSQL (0.4ms)[0m  SELECT "schema_migrations"."version" FROM "schema_migrations"
Migrating to CreateTutorials (20110118023519)
  [1m[36mSQL (0.8ms)[0m  [1mCREATE TABLE "tutorials" ("id" INTEGER PRIMARY KEY AUTOINCREMENT NOT NULL, "created_by" integer, "section" varchar(255), "title" varchar(255), "article" text, "upvotes" integer, "downvotes" integer, "created_at" datetime, "updated_at" datetime) [0m
  [1m[35mSQL (0.1ms)[0m  INSERT INTO "schema_migrations" ("version") VALUES ('20110118023519')
Migrating to CreateExercises (20110122214952)
  [1m[36mSQL (0.5ms)[0m  [1m SELECT name
 FROM sqlite_master
 WHERE type = 'table' AND NOT name = 'sqlite_sequence'
[0m
  [1m[35mSQL (0.1ms)[0m   SELECT name
 FROM sqlite_master
 WHERE type = 'table' AND NOT name = 'sqlite_sequence'
  [1m[36mSQL (0.1ms)[0m  [1mSELECT "schema_migrations"."version" FROM "schema_migrations"[0m
Migrating to CreateTutorials (20110118023519)
Migrating to CreateExercises (20110122214952)
  [1m[35mSQL (0.1ms)[0m  select sqlite_version(*)
  [1m[36mSQL (0.4ms)[0m  [1mCREATE TABLE "exercises" ("id" INTEGER PRIMARY KEY AUTOINCREMENT NOT NULL, "created_by" integer, "section" varchar(255), "title" varchar(255), "article" text, "upvotes" integer, "downvotes" integer, "created_at" datetime, "updated_at" datetime) [0m
  [1m[35mSQL (0.1ms)[0m  INSERT INTO "schema_migrations" ("version") VALUES ('20110122214952')
  [1m[36mSQL (0.2ms)[0m  [1m SELECT name
 FROM sqlite_master
 WHERE type = 'table' AND NOT name = 'sqlite_sequence'
[0m
  [1m[35mSQL (0.1ms)[0m  SELECT "schema_migrations"."version" FROM "schema_migrations"
  [1m[36mSQL (0.1ms)[0m  [1m SELECT name
 FROM sqlite_master
 WHERE type = 'table' AND NOT name = 'sqlite_sequence'
[0m
  [1m[35mSQL (0.0ms)[0m  PRAGMA index_list("exercises")
  [1m[36mSQL (0.0ms)[0m  [1mPRAGMA index_list("tutorials")[0m


Started GET "/" for 127.0.0.1 at 2011-01-28 14:43:04 -0500
  Processing by HomeController#index as HTML
Rendered home/index.html.erb within layouts/application (7.1ms)
Completed 200 OK in 42ms (Views: 40.8ms | ActiveRecord: 0.0ms)


Started GET "/tutorials" for 127.0.0.1 at 2011-01-28 14:43:08 -0500
  Processing by TutorialsController#index as HTML
  [1m[36mTutorial Load (1.1ms)[0m  [1mSELECT "tutorials".* FROM "tutorials"[0m
Rendered tutorials/index.html.erb within layouts/application (8.1ms)
Completed 200 OK in 179ms (Views: 33.1ms | ActiveRecord: 1.1ms)


Started GET "/tutorials/new" for 127.0.0.1 at 2011-01-28 14:43:10 -0500
  Processing by TutorialsController#new as HTML
Rendered tutorials/_form.html.erb (61.4ms)
Rendered tutorials/new.html.erb within layouts/application (69.9ms)
Completed 200 OK in 87ms (Views: 75.1ms | ActiveRecord: 0.0ms)


Started GET "/tutorials/new" for 127.0.0.1 at 2011-01-28 14:43:33 -0500
  Processing by TutorialsController#new as HTML
Rendered tutorials/_form.html.erb (12.4ms)
Rendered tutorials/new.html.erb within layouts/application (17.4ms)
Completed 200 OK in 34ms (Views: 21.7ms | ActiveRecord: 0.0ms)
